<?xml version="1.0" encoding="UTF-8"?>
<!-- Generated by org.testng.reporters.JUnitXMLReporter -->
<testsuite ignored="6" hostname="thrymr-All-Series" failures="0" tests="1" name="Default test" time="20.513" errors="0" timestamp="2024-12-13T17:04:48 IST">
  <testcase classname="TestCases.Alerts" name="checking_for_fourth_alert_cancel" time="5.865"/>
  <testcase classname="TestCases.Alerts" name="Checking_for_dropdown_functionality" time="0.0">
    <ignored/>
  </testcase> <!-- Checking_for_dropdown_functionality -->
  <testcase classname="TestCases.Alerts" name="checking_for_second_alert" time="0.0">
    <ignored/>
  </testcase> <!-- checking_for_second_alert -->
  <testcase classname="TestCases.Alerts" name="checking_for_first_alert" time="0.0">
    <ignored/>
  </testcase> <!-- checking_for_first_alert -->
  <testcase classname="TestCases.Alerts" name="checking_for_third_alert_cancel" time="0.0">
    <ignored/>
  </testcase> <!-- checking_for_third_alert_cancel -->
  <testcase classname="TestCases.Alerts" name="checking_for_third_alert_ok" time="0.0">
    <ignored/>
  </testcase> <!-- checking_for_third_alert_ok -->
  <testcase classname="TestCases.Alerts" name="checking_for_Alerts_to_be_visible" time="0.0">
    <ignored/>
  </testcase> <!-- checking_for_Alerts_to_be_visible -->
</testsuite> <!-- Default test -->
