<?xml version="1.0" encoding="UTF-8"?>
<testng-results ignored="0" total="1" passed="1" failed="0" skipped="0">
  <reporter-output>
  </reporter-output>
  <suite started-at="2024-12-13T17:04:27 IST" name="Default suite" finished-at="2024-12-13T17:04:48 IST" duration-ms="20513">
    <groups>
    </groups>
    <test started-at="2024-12-13T17:04:27 IST" name="Default test" finished-at="2024-12-13T17:04:48 IST" duration-ms="20513">
      <class name="TestCases.Alerts">
        <test-method is-config="true" signature="setup()[pri:0, instance:TestCases.Alerts@75d3a5e0]" started-at="2024-12-13T17:04:27 IST" name="setup" finished-at="2024-12-13T17:04:40 IST" duration-ms="12504" status="PASS">
          <reporter-output>
          </reporter-output>
        </test-method> <!-- setup -->
        <test-method signature="checking_for_fourth_alert_cancel()[pri:0, instance:TestCases.Alerts@75d3a5e0]" started-at="2024-12-13T17:04:40 IST" name="checking_for_fourth_alert_cancel" finished-at="2024-12-13T17:04:46 IST" duration-ms="5865" status="PASS">
          <reporter-output>
          </reporter-output>
        </test-method> <!-- checking_for_fourth_alert_cancel -->
        <test-method is-config="true" signature="tearDown()[pri:0, instance:TestCases.Alerts@75d3a5e0]" started-at="2024-12-13T17:04:46 IST" name="tearDown" finished-at="2024-12-13T17:04:48 IST" duration-ms="2111" status="PASS">
          <reporter-output>
          </reporter-output>
        </test-method> <!-- tearDown -->
      </class> <!-- TestCases.Alerts -->
    </test> <!-- Default test -->
  </suite> <!-- Default suite -->
</testng-results>
